<?xml version="1.0" encoding="UTF-8"?>
<!-- Generated by org.testng.reporters.JUnitReportReporter -->
<testsuite hostname="DESKTOP-1BLE9HI" failures="0" tests="1" name="yourlogoPageTest.com.chekoutpageTest" time="1.919" errors="0" timestamp="2024-07-15T21:33:29 IST" skipped="0">
  <testcase classname="yourlogoPageTest.com.chekoutpageTest" name="testcheckout" time="1.919"/>
  <system-out/>
</testsuite> <!-- yourlogoPageTest.com.chekoutpageTest -->
