<?xml version="1.0" encoding="UTF-8"?>
<!-- Generated by org.testng.reporters.JUnitReportReporter -->
<testsuite hostname="DESKTOP-1BLE9HI" failures="0" tests="1" name="com.BeyoungPageTest.Select_The_Lades_ProducPageTest" time="0.009" errors="0" timestamp="2024-12-27T22:07:01 IST" skipped="0">
  <testcase classname="com.BeyoungPageTest.Select_The_Lades_ProducPageTest" name="Testwomenproduct" time="0.009"/>
</testsuite> <!-- com.BeyoungPageTest.Select_The_Lades_ProducPageTest -->
