<?xml version="1.0" encoding="UTF-8"?>
<!-- Generated by org.testng.reporters.JUnitReportReporter -->
<testsuite hostname="DESKTOP-1BLE9HI" failures="0" tests="2" name="yourlogoPageTest.com.SearchPageTest" time="4.267" errors="0" timestamp="2024-07-15T20:53:49 IST" skipped="0">
  <testcase classname="yourlogoPageTest.com.SearchPageTest" name="testsearchbox" time="1.914"/>
  <system-out/>
  <testcase classname="yourlogoPageTest.com.SearchPageTest" name="TestItem" time="2.353"/>
  <system-out/>
</testsuite> <!-- yourlogoPageTest.com.SearchPageTest -->
