<?xml version="1.0" encoding="UTF-8"?>
<!-- Generated by org.testng.reporters.JUnitReportReporter -->
<testsuite hostname="DESKTOP-1BLE9HI" failures="0" tests="1" name="yourlogoPageTest.com.LoginPageTest" time="2.365" errors="0" timestamp="2024-12-12T12:38:39 IST" skipped="0">
  <testcase classname="yourlogoPageTest.com.LoginPageTest" name="testloginfunction" time="2.365"/>
  <system-out/>
</testsuite> <!-- yourlogoPageTest.com.LoginPageTest -->
