<?xml version="1.0" encoding="UTF-8"?>
<!-- Generated by org.testng.reporters.JUnitReportReporter -->
<testsuite hostname="DESKTOP-1BLE9HI" failures="0" tests="1" name="yourlogoPageTest.com.LoginPageTest" time="4.005" errors="0" timestamp="2024-07-13T20:47:44 IST" skipped="0">
  <testcase classname="yourlogoPageTest.com.LoginPageTest" name="testloginfunction" time="4.005"/>
  <system-out/>
</testsuite> <!-- yourlogoPageTest.com.LoginPageTest -->
