<?xml version="1.0" encoding="UTF-8"?>
<!-- Generated by org.testng.reporters.JUnitReportReporter -->
<testsuite hostname="DESKTOP-1BLE9HI" failures="0" tests="2" name="yourlogoPageTest.com.SearchPageTest" time="2.759" errors="0" timestamp="2024-12-12T12:35:18 IST" skipped="0">
  <testcase classname="yourlogoPageTest.com.SearchPageTest" name="testsearchbox" time="1.038"/>
  <system-out/>
  <testcase classname="yourlogoPageTest.com.SearchPageTest" name="TestItem" time="1.721"/>
  <system-out/>
</testsuite> <!-- yourlogoPageTest.com.SearchPageTest -->
