<?xml version="1.0" encoding="UTF-8"?>
<!-- Generated by org.testng.reporters.JUnitReportReporter -->
<testsuite hostname="DESKTOP-1BLE9HI" failures="0" tests="3" name="com.BeyoungPageTest.YoungPagetest" time="2.124" errors="0" timestamp="2024-12-27T22:45:57 IST" skipped="0">
  <testcase classname="com.BeyoungPageTest.YoungPagetest" name="TestTop" time="0.184"/>
  <testcase classname="com.BeyoungPageTest.YoungPagetest" name="Tesalloptions" time="0.217"/>
  <testcase classname="com.BeyoungPageTest.YoungPagetest" name="SelectTheProduct" time="1.723"/>
</testsuite> <!-- com.BeyoungPageTest.YoungPagetest -->
