<?xml version="1.0" encoding="UTF-8"?>
<!-- Generated by org.testng.reporters.JUnitReportReporter -->
<testsuite hostname="DESKTOP-1BLE9HI" failures="0" tests="2" name="yourlogoPageTest.com.SelectproductpageTest" time="0.008" errors="0" timestamp="2024-12-12T12:36:35 IST" skipped="0">
  <testcase classname="yourlogoPageTest.com.SelectproductpageTest" name="Testproductselect" time="0.007"/>
  <system-out/>
  <testcase classname="yourlogoPageTest.com.SelectproductpageTest" name="testcolour" time="0.001"/>
  <system-out/>
</testsuite> <!-- yourlogoPageTest.com.SelectproductpageTest -->
