<?xml version="1.0" encoding="UTF-8"?>
<!-- Generated by org.testng.reporters.JUnitReportReporter -->
<testsuite hostname="DESKTOP-1BLE9HI" failures="0" tests="1" name="com.BeyoungPageTest.ProductSelectPageTest" time="7.948" errors="0" timestamp="2024-12-28T12:12:16 IST" skipped="0">
  <testcase classname="com.BeyoungPageTest.ProductSelectPageTest" name="testProductSelect" time="7.948"/>
</testsuite> <!-- com.BeyoungPageTest.ProductSelectPageTest -->
