<?xml version="1.0" encoding="UTF-8"?>
<!-- Generated by org.testng.reporters.JUnitReportReporter -->
<testsuite hostname="DESKTOP-1BLE9HI" failures="0" tests="1" name="yourlogoPageTest.com.shoppingandpaymentPageTest" time="0.015" errors="0" timestamp="2024-07-16T17:24:04 IST" skipped="0">
  <testcase classname="yourlogoPageTest.com.shoppingandpaymentPageTest" name="testIconbar" time="0.015"/>
  <system-out/>
</testsuite> <!-- yourlogoPageTest.com.shoppingandpaymentPageTest -->
