<?xml version="1.0" encoding="UTF-8"?>
<!-- Generated by org.testng.reporters.JUnitReportReporter -->
<testsuite hostname="DESKTOP-1BLE9HI" failures="0" tests="2" name="yourlogoPageTest.com.SelectproductpageTest" time="0.214" errors="0" timestamp="2024-07-15T21:24:40 IST" skipped="0">
  <testcase classname="yourlogoPageTest.com.SelectproductpageTest" name="Testproductselect" time="0.116"/>
  <system-out/>
  <testcase classname="yourlogoPageTest.com.SelectproductpageTest" name="testcolour" time="0.098"/>
  <system-out/>
</testsuite> <!-- yourlogoPageTest.com.SelectproductpageTest -->
