<?xml version="1.0" encoding="UTF-8"?>
<!-- Generated by org.testng.reporters.JUnitReportReporter -->
<testsuite hostname="DESKTOP-1BLE9HI" failures="0" tests="2" name="com.BeyoungPageTest.productOptionSelectPageTest" time="0.171" errors="0" timestamp="2024-12-28T13:48:54 IST" skipped="0">
  <testcase classname="com.BeyoungPageTest.productOptionSelectPageTest" name="SelctOptionsSize" time="0.015"/>
  <testcase classname="com.BeyoungPageTest.productOptionSelectPageTest" name="SelectAddcart" time="0.156"/>
  <system-out>
    <![CDATA[The home page is open
The product is selected!
The product basid is selcet]]>
  </system-out>
</testsuite> <!-- com.BeyoungPageTest.productOptionSelectPageTest -->
