<?xml version="1.0" encoding="UTF-8"?>
<!-- Generated by org.testng.reporters.JUnitReportReporter -->
<testsuite hostname="DESKTOP-1BLE9HI" failures="0" tests="3" name="yourlogoPageTest.com.IndexPageTest" time="1.209" errors="0" timestamp="2024-12-12T12:34:10 IST" skipped="0">
  <testcase classname="yourlogoPageTest.com.IndexPageTest" name="testUrl" time="0.036"/>
  <system-out/>
  <testcase classname="yourlogoPageTest.com.IndexPageTest" name="testTitle" time="0.018"/>
  <system-out/>
  <testcase classname="yourlogoPageTest.com.IndexPageTest" name="testsign" time="1.155"/>
  <system-out/>
</testsuite> <!-- yourlogoPageTest.com.IndexPageTest -->
