<?xml version="1.0" encoding="UTF-8"?>
<!-- Generated by org.testng.reporters.JUnitReportReporter -->
<testsuite hostname="DESKTOP-1BLE9HI" failures="0" tests="3" name="yourlogoPageTest.com.IndexPageTest" time="0.920" errors="0" timestamp="2024-07-13T20:26:52 IST" skipped="0">
  <testcase classname="yourlogoPageTest.com.IndexPageTest" name="testUrl" time="0.024"/>
  <system-out/>
  <testcase classname="yourlogoPageTest.com.IndexPageTest" name="testTitle" time="0.012"/>
  <system-out/>
  <testcase classname="yourlogoPageTest.com.IndexPageTest" name="testsign" time="0.884"/>
  <system-out/>
</testsuite> <!-- yourlogoPageTest.com.IndexPageTest -->
